This file contains any messages produced by compilers while
running configure, to aid debugging if configure makes a mistake.

It was created by reaver configure 1.6.6, which was
generated by GNU Autoconf 2.69.  Invocation command line was

  $ ataque/redes/reaver-wps-fork-t6x/src/configure 

## --------- ##
## Platform. ##
## --------- ##

hostname = debian
uname -m = x86_64
uname -r = 6.1.0-28-amd64
uname -s = Linux
uname -v = #1 SMP PREEMPT_DYNAMIC Debian 6.1.119-1 (2024-11-22)

/usr/bin/uname -p = unknown
/bin/uname -X     = unknown

/bin/arch              = x86_64
/usr/bin/arch -k       = unknown
/usr/convex/getsysinfo = unknown
/usr/bin/hostinfo      = unknown
/bin/machine           = unknown
/usr/bin/oslevel       = unknown
/bin/universe          = unknown

PATH: /home/debian/Documents/ToolsAcSecOS/entornos/recon_env/bin
PATH: /usr/local/sbin
PATH: /usr/local/bin
PATH: /usr/sbin
PATH: /usr/bin
PATH: /sbin
PATH: /bin


## ----------- ##
## Core tests. ##
## ----------- ##

configure:2072: checking for gcc
configure:2088: found /usr/bin/gcc
configure:2099: result: gcc
configure:2328: checking for C compiler version
configure:2337: gcc --version >&5
gcc (Debian 12.2.0-14) 12.2.0
Copyright (C) 2022 Free Software Foundation, Inc.
This is free software; see the source for copying conditions.  There is NO
warranty; not even for MERCHANTABILITY or FITNESS FOR A PARTICULAR PURPOSE.

configure:2348: $? = 0
configure:2337: gcc -v >&5
Using built-in specs.
COLLECT_GCC=gcc
COLLECT_LTO_WRAPPER=/usr/lib/gcc/x86_64-linux-gnu/12/lto-wrapper
OFFLOAD_TARGET_NAMES=nvptx-none:amdgcn-amdhsa
OFFLOAD_TARGET_DEFAULT=1
Target: x86_64-linux-gnu
Configured with: ../src/configure -v --with-pkgversion='Debian 12.2.0-14' --with-bugurl=file:///usr/share/doc/gcc-12/README.Bugs --enable-languages=c,ada,c++,go,d,fortran,objc,obj-c++,m2 --prefix=/usr --with-gcc-major-version-only --program-suffix=-12 --program-prefix=x86_64-linux-gnu- --enable-shared --enable-linker-build-id --libexecdir=/usr/lib --without-included-gettext --enable-threads=posix --libdir=/usr/lib --enable-nls --enable-clocale=gnu --enable-libstdcxx-debug --enable-libstdcxx-time=yes --with-default-libstdcxx-abi=new --enable-gnu-unique-object --disable-vtable-verify --enable-plugin --enable-default-pie --with-system-zlib --enable-libphobos-checking=release --with-target-system-zlib=auto --enable-objc-gc=auto --enable-multiarch --disable-werror --enable-cet --with-arch-32=i686 --with-abi=m64 --with-multilib-list=m32,m64,mx32 --enable-multilib --with-tune=generic --enable-offload-targets=nvptx-none=/build/gcc-12-bTRWOB/gcc-12-12.2.0/debian/tmp-nvptx/usr,amdgcn-amdhsa=/build/gcc-12-bTRWOB/gcc-12-12.2.0/debian/tmp-gcn/usr --enable-offload-defaulted --without-cuda-driver --enable-checking=release --build=x86_64-linux-gnu --host=x86_64-linux-gnu --target=x86_64-linux-gnu
Thread model: posix
Supported LTO compression algorithms: zlib zstd
gcc version 12.2.0 (Debian 12.2.0-14) 
... rest of stderr output deleted ...
configure:2348: $? = 0
configure:2337: gcc -V >&5
gcc: error: unrecognized command-line option '-V'
gcc: fatal error: no input files
compilation terminated.
configure:2348: $? = 1
configure:2337: gcc -qversion >&5
gcc: error: unrecognized command-line option '-qversion'; did you mean '--version'?
gcc: fatal error: no input files
compilation terminated.
configure:2348: $? = 1
configure:2368: checking whether the C compiler works
configure:2390: gcc    conftest.c  >&5
configure:2394: $? = 0
configure:2442: result: yes
configure:2445: checking for C compiler default output file name
configure:2447: result: a.out
configure:2453: checking for suffix of executables
configure:2460: gcc -o conftest    conftest.c  >&5
configure:2464: $? = 0
configure:2486: result: 
configure:2508: checking whether we are cross compiling
configure:2516: gcc -o conftest    conftest.c  >&5
configure:2520: $? = 0
configure:2527: ./conftest
configure:2531: $? = 0
configure:2546: result: no
configure:2551: checking for suffix of object files
configure:2573: gcc -c   conftest.c >&5
configure:2577: $? = 0
configure:2598: result: o
configure:2602: checking whether we are using the GNU C compiler
configure:2621: gcc -c   conftest.c >&5
configure:2621: $? = 0
configure:2630: result: yes
configure:2639: checking whether gcc accepts -g
configure:2659: gcc -c -g  conftest.c >&5
configure:2659: $? = 0
configure:2700: result: yes
configure:2717: checking for gcc option to accept ISO C89
configure:2780: gcc  -c -g -O2  conftest.c >&5
configure:2780: $? = 0
configure:2793: result: none needed
configure:2824: checking for pcap_open_live in -lpcap
configure:2849: gcc -o conftest -Wall -g -O2  -lm -lpcap  conftest.c -lpcap   >&5
configure:2849: $? = 0
configure:2858: result: yes
configure:2876: checking how to run the C preprocessor
configure:2907: gcc -E  conftest.c
configure:2907: $? = 0
configure:2921: gcc -E  conftest.c
conftest.c:10:10: fatal error: ac_nonexistent.h: No such file or directory
   10 | #include <ac_nonexistent.h>
      |          ^~~~~~~~~~~~~~~~~~
compilation terminated.
configure:2921: $? = 1
configure: failed program was:
| /* confdefs.h */
| #define PACKAGE_NAME "reaver"
| #define PACKAGE_TARNAME "reaver"
| #define PACKAGE_VERSION "1.6.6"
| #define PACKAGE_STRING "reaver 1.6.6"
| #define PACKAGE_BUGREPORT ""
| #define PACKAGE_URL ""
| #define HAVE_LIBPCAP 1
| /* end confdefs.h.  */
| #include <ac_nonexistent.h>
configure:2946: result: gcc -E
configure:2966: gcc -E  conftest.c
configure:2966: $? = 0
configure:2980: gcc -E  conftest.c
conftest.c:10:10: fatal error: ac_nonexistent.h: No such file or directory
   10 | #include <ac_nonexistent.h>
      |          ^~~~~~~~~~~~~~~~~~
compilation terminated.
configure:2980: $? = 1
configure: failed program was:
| /* confdefs.h */
| #define PACKAGE_NAME "reaver"
| #define PACKAGE_TARNAME "reaver"
| #define PACKAGE_VERSION "1.6.6"
| #define PACKAGE_STRING "reaver 1.6.6"
| #define PACKAGE_BUGREPORT ""
| #define PACKAGE_URL ""
| #define HAVE_LIBPCAP 1
| /* end confdefs.h.  */
| #include <ac_nonexistent.h>
configure:3009: checking for grep that handles long lines and -e
configure:3067: result: /usr/bin/grep
configure:3072: checking for egrep
configure:3134: result: /usr/bin/grep -E
configure:3139: checking for ANSI C header files
configure:3159: gcc -c -Wall -g -O2  conftest.c >&5
configure:3159: $? = 0
configure:3232: gcc -o conftest -Wall -g -O2  -lm -lpcap  conftest.c -lpcap  >&5
configure:3232: $? = 0
configure:3232: ./conftest
configure:3232: $? = 0
configure:3243: result: yes
configure:3256: checking for sys/types.h
configure:3256: gcc -c -Wall -g -O2  conftest.c >&5
configure:3256: $? = 0
configure:3256: result: yes
configure:3256: checking for sys/stat.h
configure:3256: gcc -c -Wall -g -O2  conftest.c >&5
configure:3256: $? = 0
configure:3256: result: yes
configure:3256: checking for stdlib.h
configure:3256: gcc -c -Wall -g -O2  conftest.c >&5
configure:3256: $? = 0
configure:3256: result: yes
configure:3256: checking for string.h
configure:3256: gcc -c -Wall -g -O2  conftest.c >&5
configure:3256: $? = 0
configure:3256: result: yes
configure:3256: checking for memory.h
configure:3256: gcc -c -Wall -g -O2  conftest.c >&5
configure:3256: $? = 0
configure:3256: result: yes
configure:3256: checking for strings.h
configure:3256: gcc -c -Wall -g -O2  conftest.c >&5
configure:3256: $? = 0
configure:3256: result: yes
configure:3256: checking for inttypes.h
configure:3256: gcc -c -Wall -g -O2  conftest.c >&5
configure:3256: $? = 0
configure:3256: result: yes
configure:3256: checking for stdint.h
configure:3256: gcc -c -Wall -g -O2  conftest.c >&5
configure:3256: $? = 0
configure:3256: result: yes
configure:3256: checking for unistd.h
configure:3256: gcc -c -Wall -g -O2  conftest.c >&5
configure:3256: $? = 0
configure:3256: result: yes
configure:3271: checking for stdlib.h
configure:3271: result: yes
configure:3271: checking for stdint.h
configure:3271: result: yes
configure:3271: checking for string.h
configure:3271: result: yes
configure:3285: checking pcap.h usability
configure:3285: gcc -c -Wall -g -O2  conftest.c >&5
configure:3285: $? = 0
configure:3285: result: yes
configure:3285: checking pcap.h presence
configure:3285: gcc -E  conftest.c
configure:3285: $? = 0
configure:3285: result: yes
configure:3285: checking for pcap.h
configure:3285: result: yes
configure:3307: checking to see if compiler understands -Werror-unknown-warning-option
configure:3324: gcc -c -Wall -g -O2 -Werror-unknown-warning-option  conftest.c >&5
gcc: error: unrecognized command-line option '-Werror-unknown-warning-option'
configure:3324: $? = 1
configure: failed program was:
| /* confdefs.h */
| #define PACKAGE_NAME "reaver"
| #define PACKAGE_TARNAME "reaver"
| #define PACKAGE_VERSION "1.6.6"
| #define PACKAGE_STRING "reaver 1.6.6"
| #define PACKAGE_BUGREPORT ""
| #define PACKAGE_URL ""
| #define HAVE_LIBPCAP 1
| #define STDC_HEADERS 1
| #define HAVE_SYS_TYPES_H 1
| #define HAVE_SYS_STAT_H 1
| #define HAVE_STDLIB_H 1
| #define HAVE_STRING_H 1
| #define HAVE_MEMORY_H 1
| #define HAVE_STRINGS_H 1
| #define HAVE_INTTYPES_H 1
| #define HAVE_STDINT_H 1
| #define HAVE_UNISTD_H 1
| #define HAVE_STDLIB_H 1
| #define HAVE_STDINT_H 1
| #define HAVE_STRING_H 1
| #define HAVE_PCAP_H 1
| /* end confdefs.h.  */
| 
| int
| main ()
| {
| 
|   ;
|   return 0;
| }
configure:3339: result: no
configure:3307: checking to see if compiler understands -Wno-unused-but-set-variable
configure:3324: gcc -c -Wall -g -O2 -Wno-unused-but-set-variable  conftest.c >&5
configure:3324: $? = 0
configure:3339: result: yes
configure:3490: creating ./config.status

## ---------------------- ##
## Running config.status. ##
## ---------------------- ##

This file was extended by reaver config.status 1.6.6, which was
generated by GNU Autoconf 2.69.  Invocation command line was

  CONFIG_FILES    = 
  CONFIG_HEADERS  = 
  CONFIG_LINKS    = 
  CONFIG_COMMANDS = 
  $ ./config.status 

on debian

config.status:724: creating config.mak

## ---------------- ##
## Cache variables. ##
## ---------------- ##

ac_cv_c_compiler_gnu=yes
ac_cv_env_CC_set=
ac_cv_env_CC_value=
ac_cv_env_CFLAGS_set=
ac_cv_env_CFLAGS_value=
ac_cv_env_CPPFLAGS_set=
ac_cv_env_CPPFLAGS_value=
ac_cv_env_CPP_set=
ac_cv_env_CPP_value=
ac_cv_env_LDFLAGS_set=
ac_cv_env_LDFLAGS_value=
ac_cv_env_LIBS_set=
ac_cv_env_LIBS_value=
ac_cv_env_build_alias_set=
ac_cv_env_build_alias_value=
ac_cv_env_host_alias_set=
ac_cv_env_host_alias_value=
ac_cv_env_target_alias_set=
ac_cv_env_target_alias_value=
ac_cv_header_inttypes_h=yes
ac_cv_header_memory_h=yes
ac_cv_header_pcap_h=yes
ac_cv_header_stdc=yes
ac_cv_header_stdint_h=yes
ac_cv_header_stdlib_h=yes
ac_cv_header_string_h=yes
ac_cv_header_strings_h=yes
ac_cv_header_sys_stat_h=yes
ac_cv_header_sys_types_h=yes
ac_cv_header_unistd_h=yes
ac_cv_lib_pcap_pcap_open_live=yes
ac_cv_objext=o
ac_cv_path_EGREP='/usr/bin/grep -E'
ac_cv_path_GREP=/usr/bin/grep
ac_cv_prog_CPP='gcc -E'
ac_cv_prog_ac_ct_CC=gcc
ac_cv_prog_cc_c89=
ac_cv_prog_cc_g=yes

## ----------------- ##
## Output variables. ##
## ----------------- ##

CC='gcc'
CFLAGS='-Wall -g -O2 -Wno-unused-but-set-variable'
CPP='gcc -E'
CPPFLAGS=''
DEFS='-DPACKAGE_NAME=\"reaver\" -DPACKAGE_TARNAME=\"reaver\" -DPACKAGE_VERSION=\"1.6.6\" -DPACKAGE_STRING=\"reaver\ 1.6.6\" -DPACKAGE_BUGREPORT=\"\" -DPACKAGE_URL=\"\" -DHAVE_LIBPCAP=1 -DSTDC_HEADERS=1 -DHAVE_SYS_TYPES_H=1 -DHAVE_SYS_STAT_H=1 -DHAVE_STDLIB_H=1 -DHAVE_STRING_H=1 -DHAVE_MEMORY_H=1 -DHAVE_STRINGS_H=1 -DHAVE_INTTYPES_H=1 -DHAVE_STDINT_H=1 -DHAVE_UNISTD_H=1 -DHAVE_STDLIB_H=1 -DHAVE_STDINT_H=1 -DHAVE_STRING_H=1 -DHAVE_PCAP_H=1'
ECHO_C=''
ECHO_N='-n'
ECHO_T=''
EGREP='/usr/bin/grep -E'
EXEEXT=''
GREP='/usr/bin/grep'
LDFLAGS='-lm -lpcap '
LIBOBJS=''
LIBS='-lpcap '
LTLIBOBJS=''
OBJEXT='o'
PACKAGE_BUGREPORT=''
PACKAGE_NAME='reaver'
PACKAGE_STRING='reaver 1.6.6'
PACKAGE_TARNAME='reaver'
PACKAGE_URL=''
PACKAGE_VERSION='1.6.6'
PATH_SEPARATOR=':'
SHELL='/bin/bash'
ac_ct_CC='gcc'
bindir='${exec_prefix}/bin'
build_alias=''
datadir='${datarootdir}'
datarootdir='${prefix}/share'
docdir='${datarootdir}/doc/${PACKAGE_TARNAME}'
dvidir='${docdir}'
exec_prefix='${prefix}'
host_alias=''
htmldir='${docdir}'
includedir='${prefix}/include'
infodir='${datarootdir}/info'
libdir='${exec_prefix}/lib'
libexecdir='${exec_prefix}/libexec'
localedir='${datarootdir}/locale'
localstatedir='${prefix}/var'
mandir='${datarootdir}/man'
oldincludedir='/usr/include'
pdfdir='${docdir}'
prefix='/usr/local'
program_transform_name='s,x,x,'
psdir='${docdir}'
sbindir='${exec_prefix}/sbin'
sharedstatedir='${prefix}/com'
sysconfdir='${prefix}/etc'
target='reaver'
target_alias=''

## ----------- ##
## confdefs.h. ##
## ----------- ##

/* confdefs.h */
#define PACKAGE_NAME "reaver"
#define PACKAGE_TARNAME "reaver"
#define PACKAGE_VERSION "1.6.6"
#define PACKAGE_STRING "reaver 1.6.6"
#define PACKAGE_BUGREPORT ""
#define PACKAGE_URL ""
#define HAVE_LIBPCAP 1
#define STDC_HEADERS 1
#define HAVE_SYS_TYPES_H 1
#define HAVE_SYS_STAT_H 1
#define HAVE_STDLIB_H 1
#define HAVE_STRING_H 1
#define HAVE_MEMORY_H 1
#define HAVE_STRINGS_H 1
#define HAVE_INTTYPES_H 1
#define HAVE_STDINT_H 1
#define HAVE_UNISTD_H 1
#define HAVE_STDLIB_H 1
#define HAVE_STDINT_H 1
#define HAVE_STRING_H 1
#define HAVE_PCAP_H 1

configure: exit 0
